<?xml version="1.0" encoding="UTF-8"?>
<!-- Generated by org.testng.reporters.JUnitReportReporter -->
<testsuite hostname="DESKTOP-JS9Q4ST" failures="0" tests="1" name="LinkedInLogin" time="108.464" errors="0" timestamp="2023-01-01T18:20:51 IST" skipped="0">
  <testcase classname="LinkedInLogin" name="linkedInLoginTest" time="108.464"/>
  <system-out/>
</testsuite> <!-- LinkedInLogin -->
