<?xml version="1.0" encoding="UTF-8"?>
<!-- Generated by org.testng.reporters.JUnitReportReporter -->
<testsuite hostname="DESKTOP-JS9Q4ST" failures="0" tests="6" name="utility.TestNGDataProviderExcelData" time="167.994" errors="0" timestamp="2023-01-14T14:13:52 IST" skipped="0">
  <testcase classname="utility.TestNGDataProviderExcelData" name="faceBooKLogin" time="25.483"/>
  <system-out/>
  <testcase classname="utility.TestNGDataProviderExcelData" name="faceBooKLogin" time="25.087"/>
  <system-out/>
  <testcase classname="utility.TestNGDataProviderExcelData" name="faceBooKLogin" time="27.315"/>
  <system-out/>
  <testcase classname="utility.TestNGDataProviderExcelData" name="faceBooKLogin" time="24.273"/>
  <system-out/>
  <testcase classname="utility.TestNGDataProviderExcelData" name="faceBooKLogin" time="25.169"/>
  <system-out/>
  <testcase classname="utility.TestNGDataProviderExcelData" name="faceBooKLogin" time="40.667"/>
  <system-out/>
</testsuite> <!-- utility.TestNGDataProviderExcelData -->
