<?xml version="1.0" encoding="UTF-8"?>
<!-- Generated by org.testng.reporters.JUnitReportReporter -->
<testsuite hostname="DESKTOP-JS9Q4ST" failures="0" tests="3" name="TestNGDependOnMethods" time="0.019" errors="0" timestamp="2022-12-28T15:29:09 IST" skipped="0">
  <testcase classname="TestNGDependOnMethods" name="addToCart" time="0.003"/>
  <system-out/>
  <testcase classname="TestNGDependOnMethods" name="logintoFlipkart" time="0.002"/>
  <system-out/>
  <testcase classname="TestNGDependOnMethods" name="launchFlipkart" time="0.014"/>
  <system-out/>
</testsuite> <!-- TestNGDependOnMethods -->
