<?xml version="1.0" encoding="UTF-8"?>
<!-- Generated by org.testng.reporters.JUnitReportReporter -->
<testsuite hostname="DESKTOP-JS9Q4ST" failures="0" tests="3" name="TestNGDataProvider" time="39.062" errors="0" timestamp="2022-12-24T09:26:50 IST" skipped="0">
  <testcase classname="TestNGDataProvider" name="userLogin" time="9.328"/>
  <system-out/>
  <testcase classname="TestNGDataProvider" name="userLogin" time="9.775"/>
  <system-out/>
  <testcase classname="TestNGDataProvider" name="userLogin" time="19.959"/>
  <system-out/>
</testsuite> <!-- TestNGDataProvider -->
