<?xml version="1.0" encoding="UTF-8"?>
<!-- Generated by org.testng.reporters.JUnitReportReporter -->
<testsuite hostname="DESKTOP-JS9Q4ST" failures="0" tests="2" name="TestNGParallelMethods" time="50.403" errors="0" timestamp="2022-12-30T12:27:58 IST" skipped="0">
  <testcase classname="TestNGParallelMethods" name="facebookPageAssertion" time="14.076"/>
  <system-out/>
  <testcase classname="TestNGParallelMethods" name="testSoftAssertion" time="36.327"/>
  <system-out/>
</testsuite> <!-- TestNGParallelMethods -->
