<?xml version="1.0" encoding="UTF-8"?>
<!-- Generated by org.testng.reporters.JUnitReportReporter -->
<testsuite hostname="DESKTOP-JS9Q4ST" failures="0" tests="1" name="LinkedinSignInTest_PF" time="45.203" errors="0" timestamp="2023-01-03T09:32:54 IST" skipped="0">
  <testcase classname="LinkedinSignInTest_PF" name="signinTest" time="45.203"/>
  <system-out/>
</testsuite> <!-- LinkedinSignInTest_PF -->
