<?xml version="1.0" encoding="UTF-8"?>
<!-- Generated by org.testng.reporters.JUnitReportReporter -->
<testsuite hostname="DESKTOP-JS9Q4ST" failures="0" tests="1" name="TestNGHardAssertion" time="46.974" errors="0" timestamp="2022-12-28T16:07:39 IST" skipped="0">
  <testcase classname="TestNGHardAssertion" name="testHardAssertion" time="46.974"/>
  <system-out/>
</testsuite> <!-- TestNGHardAssertion -->
