<?xml version="1.0" encoding="UTF-8"?>
<!-- Generated by org.testng.reporters.JUnitReportReporter -->
<testsuite hostname="DESKTOP-JS9Q4ST" failures="0" tests="2" name="TestNGParallelClasses" time="48.799" errors="0" timestamp="2022-12-30T12:27:58 IST" skipped="0">
  <testcase classname="TestNGParallelClasses" name="frameHandling2" time="22.498"/>
  <system-out/>
  <testcase classname="TestNGParallelClasses" name="frameHandling1" time="26.301"/>
  <system-out/>
</testsuite> <!-- TestNGParallelClasses -->
