<?xml version="1.0" encoding="UTF-8"?>
<!-- Generated by org.testng.reporters.JUnitReportReporter -->
<testsuite hostname="DESKTOP-JS9Q4ST" failures="0" tests="3" name="TestNGPriority" time="0.018" errors="0" timestamp="2022-12-28T09:44:22 IST" skipped="0">
  <testcase classname="TestNGPriority" name="launchFlipkart" time="0.013"/>
  <system-out/>
  <testcase classname="TestNGPriority" name="loginToFlipkart" time="0.003"/>
  <system-out/>
  <testcase classname="TestNGPriority" name="addToCart" time="0.002"/>
  <system-out/>
</testsuite> <!-- TestNGPriority -->
