<?xml version="1.0" encoding="UTF-8"?>
<!-- Generated by org.testng.reporters.JUnitReportReporter -->
<testsuite hostname="DESKTOP-JS9Q4ST" failures="0" tests="2" name="TestNGGroups" time="0.020" errors="0" timestamp="2022-12-28T10:01:05 IST" skipped="0">
  <testcase classname="TestNGGroups" name="validlogin" time="0.002"/>
  <system-out/>
  <testcase classname="TestNGGroups" name="validLogin2" time="0.018"/>
  <system-out/>
</testsuite> <!-- TestNGGroups -->
