<?xml version="1.0" encoding="UTF-8"?>
<!-- Generated by org.testng.reporters.JUnitReportReporter -->
<testsuite hostname="DESKTOP-JS9Q4ST" failures="0" tests="1" name="TestNGParameter" time="54.760" errors="0" timestamp="2022-12-24T18:54:47 IST" skipped="0">
  <testcase classname="TestNGParameter" name="setup" time="54.760"/>
  <system-out/>
</testsuite> <!-- TestNGParameter -->
